Using pre-set license
Built from '2021.3/staging' branch; Version is '2021.3.19f1 (c9714fde33b6) revision 13201743'; Using compiler version '192829333'; Build Type 'Release'
OS: 'Windows 11  (10.0.22621) 64bit Core' Language: 'en' Physical Memory: 16205 MB
BatchMode: 1, IsHumanControllingUs: 0, StartBugReporterOnCrash: 0, Is64bit: 1, IsPro: 1

COMMAND LINE ARGUMENTS:
C:\Program Files\Unity\Hub\Editor\2021.3.19f1\Editor\Unity.exe
-adb2
-batchMode
-noUpm
-name
AssetImportWorker0
-projectPath
C:/Users/adaya/PP2 - FPS
-logFile
Logs/AssetImportWorker0.log
-srvPort
51870
Successfully changed project path to: C:/Users/adaya/PP2 - FPS
C:/Users/adaya/PP2 - FPS
[UnityMemory] Configuration Parameters - Can be set up in boot.config
    "memorysetup-bucket-allocator-granularity=16"
    "memorysetup-bucket-allocator-bucket-count=8"
    "memorysetup-bucket-allocator-block-size=33554432"
    "memorysetup-bucket-allocator-block-count=8"
    "memorysetup-main-allocator-block-size=16777216"
    "memorysetup-thread-allocator-block-size=16777216"
    "memorysetup-gfx-main-allocator-block-size=16777216"
    "memorysetup-gfx-thread-allocator-block-size=16777216"
    "memorysetup-cache-allocator-block-size=4194304"
    "memorysetup-typetree-allocator-block-size=2097152"
    "memorysetup-profiler-bucket-allocator-granularity=16"
    "memorysetup-profiler-bucket-allocator-bucket-count=8"
    "memorysetup-profiler-bucket-allocator-block-size=33554432"
    "memorysetup-profiler-bucket-allocator-block-count=8"
    "memorysetup-profiler-allocator-block-size=16777216"
    "memorysetup-profiler-editor-allocator-block-size=1048576"
    "memorysetup-temp-allocator-size-main=16777216"
    "memorysetup-job-temp-allocator-block-size=2097152"
    "memorysetup-job-temp-allocator-block-size-background=1048576"
    "memorysetup-job-temp-allocator-reduction-small-platforms=262144"
    "memorysetup-temp-allocator-size-background-worker=32768"
    "memorysetup-temp-allocator-size-job-worker=262144"
    "memorysetup-temp-allocator-size-preload-manager=33554432"
    "memorysetup-temp-allocator-size-nav-mesh-worker=65536"
    "memorysetup-temp-allocator-size-audio-worker=65536"
    "memorysetup-temp-allocator-size-cloud-worker=32768"
    "memorysetup-temp-allocator-size-gi-baking-worker=262144"
    "memorysetup-temp-allocator-size-gfx=262144"
Player connection [2916] Host "[IP] 192.168.1.45 [Port] 0 [Flags] 2 [Guid] 1511660009 [EditorId] 1511660009 [Version] 1048832 [Id] WindowsEditor(7,KathieLaptop) [Debug] 1 [PackageName] WindowsEditor [ProjectName] Editor" joined multi-casting on [225.0.0.222:54997]...

Player connection [2916] Host "[IP] 192.168.1.45 [Port] 0 [Flags] 2 [Guid] 1511660009 [EditorId] 1511660009 [Version] 1048832 [Id] WindowsEditor(7,KathieLaptop) [Debug] 1 [PackageName] WindowsEditor [ProjectName] Editor" joined alternative multi-casting on [225.0.0.222:34997]...

Refreshing native plugins compatible for Editor in 111.54 ms, found 3 plugins.
Preloading 0 native plugins for Editor in 0.00 ms.
Initialize engine version: 2021.3.19f1 (c9714fde33b6)
[Subsystems] Discovering subsystems at path C:/Program Files/Unity/Hub/Editor/2021.3.19f1/Editor/Data/Resources/UnitySubsystems
[Subsystems] Discovering subsystems at path C:/Users/adaya/PP2 - FPS/Assets
GfxDevice: creating device client; threaded=0; jobified=0
Direct3D:
    Version:  Direct3D 11.0 [level 11.1]
    Renderer: NVIDIA GeForce RTX 2070 (ID=0x1f14)
    Vendor:   NVIDIA
    VRAM:     8031 MB
    Driver:   27.21.14.6109
Initialize mono
Mono path[0] = 'C:/Program Files/Unity/Hub/Editor/2021.3.19f1/Editor/Data/Managed'
Mono path[1] = 'C:/Program Files/Unity/Hub/Editor/2021.3.19f1/Editor/Data/MonoBleedingEdge/lib/mono/unityjit-win32'
Mono config path = 'C:/Program Files/Unity/Hub/Editor/2021.3.19f1/Editor/Data/MonoBleedingEdge/etc'
Using monoOptions --debugger-agent=transport=dt_socket,embedding=1,server=y,suspend=n,address=127.0.0.1:56164
Begin MonoManager ReloadAssembly
Registering precompiled unity dll's ...
Register platform support module: C:/Program Files/Unity/Hub/Editor/2021.3.19f1/Editor/Data/PlaybackEngines/WindowsStandaloneSupport/UnityEditor.WindowsStandalone.Extensions.dll
Registered in 0.003990 seconds.
Native extension for WindowsStandalone target not found
Refreshing native plugins compatible for Editor in 75.58 ms, found 3 plugins.
Preloading 0 native plugins for Editor in 0.00 ms.
Mono: successfully reloaded assembly
- Completed reload, in  0.655 seconds
Domain Reload Profiling:
	ReloadAssembly (655ms)
		BeginReloadAssembly (77ms)
			ExecutionOrderSort (0ms)
			DisableScriptedObjects (0ms)
			BackupInstance (0ms)
			ReleaseScriptingObjects (0ms)
			CreateAndSetChildDomain (1ms)
		EndReloadAssembly (472ms)
			LoadAssemblies (75ms)
			RebuildTransferFunctionScriptingTraits (0ms)
			SetupTypeCache (114ms)
			ReleaseScriptCaches (0ms)
			RebuildScriptCaches (31ms)
			SetupLoadedEditorAssemblies (272ms)
				LogAssemblyErrors (0ms)
				InitializePlatformSupportModulesInManaged (7ms)
				SetLoadedEditorAssemblies (0ms)
				RefreshPlugins (76ms)
				BeforeProcessingInitializeOnLoad (1ms)
				ProcessInitializeOnLoadAttributes (131ms)
				ProcessInitializeOnLoadMethodAttributes (57ms)
				AfterProcessingInitializeOnLoad (0ms)
				EditorAssembliesLoaded (0ms)
			ExecutionOrderSort2 (0ms)
			AwakeInstancesAfterBackupRestoration (0ms)
Platform modules already initialized, skipping
Registering precompiled user dll's ...
Registered in 0.004753 seconds.
Begin MonoManager ReloadAssembly
Symbol file LoadedFromMemory doesn't match image C:\Users\adaya\PP2 - FPS\Library\PackageCache\com.unity.visualscripting@1.8.0\Editor\VisualScripting.Core\Dependencies\YamlDotNet\Unity.VisualScripting.YamlDotNet.dll
Symbol file LoadedFromMemory doesn't match image C:\Users\adaya\PP2 - FPS\Library\PackageCache\com.unity.visualscripting@1.8.0\Editor\VisualScripting.Core\Dependencies\DotNetZip\Unity.VisualScripting.IonicZip.dll
Native extension for WindowsStandalone target not found
Refreshing native plugins compatible for Editor in 0.45 ms, found 3 plugins.
Preloading 0 native plugins for Editor in 0.00 ms.
Mono: successfully reloaded assembly
- Completed reload, in  0.926 seconds
Domain Reload Profiling:
	ReloadAssembly (926ms)
		BeginReloadAssembly (100ms)
			ExecutionOrderSort (0ms)
			DisableScriptedObjects (5ms)
			BackupInstance (0ms)
			ReleaseScriptingObjects (0ms)
			CreateAndSetChildDomain (17ms)
		EndReloadAssembly (723ms)
			LoadAssemblies (73ms)
			RebuildTransferFunctionScriptingTraits (0ms)
			SetupTypeCache (247ms)
			ReleaseScriptCaches (0ms)
			RebuildScriptCaches (45ms)
			SetupLoadedEditorAssemblies (324ms)
				LogAssemblyErrors (0ms)
				InitializePlatformSupportModulesInManaged (4ms)
				SetLoadedEditorAssemblies (0ms)
				RefreshPlugins (0ms)
				BeforeProcessingInitializeOnLoad (75ms)
				ProcessInitializeOnLoadAttributes (222ms)
				ProcessInitializeOnLoadMethodAttributes (16ms)
				AfterProcessingInitializeOnLoad (5ms)
				EditorAssembliesLoaded (0ms)
			ExecutionOrderSort2 (0ms)
			AwakeInstancesAfterBackupRestoration (5ms)
Platform modules already initialized, skipping
========================================================================
Worker process is ready to serve import requests
Launched and connected shader compiler UnityShaderCompiler.exe after 0.04 seconds
Refreshing native plugins compatible for Editor in 0.55 ms, found 3 plugins.
Preloading 0 native plugins for Editor in 0.00 ms.
Unloading 3047 Unused Serialized files (Serialized files now loaded: 0)
Unloading 24 unused Assets / (113.4 KB). Loaded Objects now: 3507.
Memory consumption went from 107.5 MB to 107.4 MB.
Total: 3.134200 ms (FindLiveObjects: 0.240500 ms CreateObjectMapping: 0.203200 ms MarkObjects: 2.537600 ms  DeleteObjects: 0.151600 ms)

AssetImportParameters requested are different than current active one (requested -> active):
  custom:video-decoder-ogg-theora: a1e56fd34408186e4bbccfd4996cb3dc -> 
  custom:container-muxer-webm: aa71ff27fc2769a1b78a27578f13a17b -> 
  custom:container-demuxer-webm: 4f35f7cbe854078d1ac9338744f61a02 -> 
  custom:video-encoder-webm-vp8: eb34c28f22e8b96e1ab97ce403110664 -> 
  custom:audio-encoder-webm-vorbis: bf7c407c2cedff20999df2af8eb42d56 -> 
  custom:framework-win-MediaFoundation: 216162199b28c13a410421893ffa2e32 -> 
  custom:container-demuxer-ogg: 62fdf1f143b41e24485cea50d1cbac27 -> 
  custom:video-decoder-webm-vp8: 9c59270c3fd7afecdb556c50c9e8de78 -> 
  custom:audio-decoder-ogg-vorbis: bf7c407c2cedff20999df2af8eb42d56 -> 
========================================================================
Received Import Request.
  Time since last request: 3511912.512198 seconds.
  path: Assets/Materials
  artifactKey: Guid(106bdbe5e9fcdd240a74455715bb41d8) Importer(815301076,1909f56bfc062723c751e8b465ee728b)
Start importing Assets/Materials using Guid(106bdbe5e9fcdd240a74455715bb41d8) Importer(815301076,1909f56bfc062723c751e8b465ee728b)  -> (artifact id: 'b917b520abd0d618a76fe8f90b95f5e6') in 0.006895 seconds 
========================================================================
Received Import Request.
  Time since last request: 38.246944 seconds.
  path: Assets
  artifactKey: Guid(00000000000000001000000000000000) Importer(815301076,1909f56bfc062723c751e8b465ee728b)
Start importing Assets using Guid(00000000000000001000000000000000) Importer(815301076,1909f56bfc062723c751e8b465ee728b)  -> (artifact id: '79842766b460edbeab6a34051e857a80') in 0.002217 seconds 
========================================================================
Received Import Request.
  Time since last request: 8.362104 seconds.
  path: Assets/Scripts
  artifactKey: Guid(d9561d4d25adceb43b43b84eb21a695b) Importer(815301076,1909f56bfc062723c751e8b465ee728b)
Start importing Assets/Scripts using Guid(d9561d4d25adceb43b43b84eb21a695b) Importer(815301076,1909f56bfc062723c751e8b465ee728b)  -> (artifact id: 'ce4933bb2674f3d31416baf85ad27555') in 0.004708 seconds 
========================================================================
Received Import Request.
  Time since last request: 59.336959 seconds.
  path: Assets/Animations
  artifactKey: Guid(80dcdf0a149cbd047aff65ea9b2a73ea) Importer(815301076,1909f56bfc062723c751e8b465ee728b)
Start importing Assets/Animations using Guid(80dcdf0a149cbd047aff65ea9b2a73ea) Importer(815301076,1909f56bfc062723c751e8b465ee728b)  -> (artifact id: '2bbce0b2a96c08ca845d86b9ab6a1247') in 0.003864 seconds 
========================================================================
Received Import Request.
  Time since last request: 6.890900 seconds.
  path: Assets/Audio
  artifactKey: Guid(ec3775cede4d4a7458fc694ea5903350) Importer(815301076,1909f56bfc062723c751e8b465ee728b)
Start importing Assets/Audio using Guid(ec3775cede4d4a7458fc694ea5903350) Importer(815301076,1909f56bfc062723c751e8b465ee728b)  -> (artifact id: 'b313899372be1c978b4380415d86f014') in 0.003713 seconds 
========================================================================
Received Import Request.
  Time since last request: 7.831508 seconds.
  path: Assets/Models
  artifactKey: Guid(0afc67e5e207baf4ab75a2b13fb6d2aa) Importer(815301076,1909f56bfc062723c751e8b465ee728b)
Start importing Assets/Models using Guid(0afc67e5e207baf4ab75a2b13fb6d2aa) Importer(815301076,1909f56bfc062723c751e8b465ee728b)  -> (artifact id: 'a5458763eb1b839bc553364bd6fbe92a') in 0.004093 seconds 
========================================================================
Received Import Request.
  Time since last request: 8.989088 seconds.
  path: Assets/PreFabs
  artifactKey: Guid(133d24ec7c6486a4a86f220db28c8210) Importer(815301076,1909f56bfc062723c751e8b465ee728b)
Start importing Assets/PreFabs using Guid(133d24ec7c6486a4a86f220db28c8210) Importer(815301076,1909f56bfc062723c751e8b465ee728b)  -> (artifact id: 'e5d5dfe50b8d9b7e6d55169743a462b7') in 0.003285 seconds 
========================================================================
Received Import Request.
  Time since last request: 9.466681 seconds.
  path: Assets/Textures
  artifactKey: Guid(2ab9a1012d3b1a44d9b8d59e57b09e82) Importer(815301076,1909f56bfc062723c751e8b465ee728b)
Start importing Assets/Textures using Guid(2ab9a1012d3b1a44d9b8d59e57b09e82) Importer(815301076,1909f56bfc062723c751e8b465ee728b)  -> (artifact id: '747c6a628697a0a2c4f5bec50c74ded5') in 0.001268 seconds 
========================================================================
Received Import Request.
  Time since last request: 10.871261 seconds.
  path: Assets/Unity Store Downloads
  artifactKey: Guid(328f896e6637e4e4e9327a16ff8b22de) Importer(815301076,1909f56bfc062723c751e8b465ee728b)
Start importing Assets/Unity Store Downloads using Guid(328f896e6637e4e4e9327a16ff8b22de) Importer(815301076,1909f56bfc062723c751e8b465ee728b)  -> (artifact id: '327315883cfeb49f640cd7c03880c7ad') in 0.003237 seconds 
========================================================================
Received Import Request.
  Time since last request: 9.927793 seconds.
  path: Assets/PreFabs/Enemies
  artifactKey: Guid(ae2c62258981115438656f69291d1027) Importer(815301076,1909f56bfc062723c751e8b465ee728b)
Start importing Assets/PreFabs/Enemies using Guid(ae2c62258981115438656f69291d1027) Importer(815301076,1909f56bfc062723c751e8b465ee728b)  -> (artifact id: '417d78a3dda0340a41cabcf2a09f4f36') in 0.001109 seconds 
========================================================================
Received Import Request.
  Time since last request: 6.975644 seconds.
  path: Assets/PreFabs/Level Stuff
  artifactKey: Guid(ee983cfee491e5b449e47f9cb95cbd41) Importer(815301076,1909f56bfc062723c751e8b465ee728b)
Start importing Assets/PreFabs/Level Stuff using Guid(ee983cfee491e5b449e47f9cb95cbd41) Importer(815301076,1909f56bfc062723c751e8b465ee728b)  -> (artifact id: 'd295e103f94e99403ce260fb5e6fb53e') in 0.003717 seconds 
========================================================================
Received Import Request.
  Time since last request: 5.793115 seconds.
  path: Assets/PreFabs/Player
  artifactKey: Guid(0d02aa104742e434aaa61bebdbfdc562) Importer(815301076,1909f56bfc062723c751e8b465ee728b)
Start importing Assets/PreFabs/Player using Guid(0d02aa104742e434aaa61bebdbfdc562) Importer(815301076,1909f56bfc062723c751e8b465ee728b)  -> (artifact id: '54f5501a46537d137aae513768af4154') in 0.003983 seconds 
========================================================================
Received Import Request.
  Time since last request: 7.218716 seconds.
  path: Assets/PreFabs/Level Stuff/Lava.prefab
  artifactKey: Guid(b91316937f7dace4b97cee563c803baf) Importer(815301076,1909f56bfc062723c751e8b465ee728b)
Start importing Assets/PreFabs/Level Stuff/Lava.prefab using Guid(b91316937f7dace4b97cee563c803baf) Importer(815301076,1909f56bfc062723c751e8b465ee728b)  -> (artifact id: '707173a49bd1b62a472f22e308cedc7c') in 0.111055 seconds 
========================================================================
Received Import Request.
  Time since last request: 30.593402 seconds.
  path: Assets/PreFabs/Level Stuff/Pillow.prefab
  artifactKey: Guid(25d976871cc99724da568cc77d8a5157) Importer(815301076,1909f56bfc062723c751e8b465ee728b)
Start importing Assets/PreFabs/Level Stuff/Pillow.prefab using Guid(25d976871cc99724da568cc77d8a5157) Importer(815301076,1909f56bfc062723c751e8b465ee728b)  -> (artifact id: '8bbb105097d67e5247d64f49c1d3f051') in 0.012341 seconds 
========================================================================
Received Import Request.
  Time since last request: 12.263353 seconds.
  path: Assets/Materials/M_Lava.mat
  artifactKey: Guid(a73bf0d348ea07d408291ecb9bfa5b56) Importer(815301076,1909f56bfc062723c751e8b465ee728b)
Start importing Assets/Materials/M_Lava.mat using Guid(a73bf0d348ea07d408291ecb9bfa5b56) Importer(815301076,1909f56bfc062723c751e8b465ee728b)  -> (artifact id: '7103173a1505d25dfe4350a39e5be5a6') in 0.101837 seconds 
========================================================================
Received Import Request.
  Time since last request: 128.604904 seconds.
  path: Assets/PreFabs/Level Stuff/Lava.prefab
  artifactKey: Guid(b91316937f7dace4b97cee563c803baf) Importer(815301076,1909f56bfc062723c751e8b465ee728b)
Start importing Assets/PreFabs/Level Stuff/Lava.prefab using Guid(b91316937f7dace4b97cee563c803baf) Importer(815301076,1909f56bfc062723c751e8b465ee728b)  -> (artifact id: '7bd50b4cae7f49146bb3e1b660db224a') in 0.011720 seconds 
========================================================================
Received Import Request.
  Time since last request: 32.440217 seconds.
  path: Assets/Materials/M_Pillow.mat
  artifactKey: Guid(01452c41008de1440b602f73bcfbd30f) Importer(815301076,1909f56bfc062723c751e8b465ee728b)
Start importing Assets/Materials/M_Pillow.mat using Guid(01452c41008de1440b602f73bcfbd30f) Importer(815301076,1909f56bfc062723c751e8b465ee728b)  -> (artifact id: '7bc815bd8d81988c4c04953d676f2d09') in 0.009269 seconds 
========================================================================
Received Import Request.
  Time since last request: 41.872655 seconds.
  path: Assets/PreFabs/Level Stuff/Pillow.prefab
  artifactKey: Guid(25d976871cc99724da568cc77d8a5157) Importer(815301076,1909f56bfc062723c751e8b465ee728b)
Start importing Assets/PreFabs/Level Stuff/Pillow.prefab using Guid(25d976871cc99724da568cc77d8a5157) Importer(815301076,1909f56bfc062723c751e8b465ee728b)  -> (artifact id: '02072ac999a644435f714185fe9889d3') in 0.009565 seconds 
========================================================================
Received Import Request.
  Time since last request: 233.079998 seconds.
  path: Assets/Scripts/CS_playerController.cs
  artifactKey: Guid(a436bd58db407e24bb445e4221b6caf8) Importer(815301076,1909f56bfc062723c751e8b465ee728b)
Start importing Assets/Scripts/CS_playerController.cs using Guid(a436bd58db407e24bb445e4221b6caf8) Importer(815301076,1909f56bfc062723c751e8b465ee728b)  -> (artifact id: '0c0a89fa792974627bc278fa16ec37ab') in 0.006229 seconds 
========================================================================
Received Prepare
Registering precompiled user dll's ...
Registered in 0.003705 seconds.
Begin MonoManager ReloadAssembly
Symbol file LoadedFromMemory doesn't match image C:\Users\adaya\PP2 - FPS\Library\PackageCache\com.unity.visualscripting@1.8.0\Editor\VisualScripting.Core\Dependencies\YamlDotNet\Unity.VisualScripting.YamlDotNet.dll
Symbol file LoadedFromMemory doesn't match image C:\Users\adaya\PP2 - FPS\Library\PackageCache\com.unity.visualscripting@1.8.0\Editor\VisualScripting.Core\Dependencies\DotNetZip\Unity.VisualScripting.IonicZip.dll
Native extension for WindowsStandalone target not found
Refreshing native plugins compatible for Editor in 0.45 ms, found 3 plugins.
Preloading 0 native plugins for Editor in 0.00 ms.
Mono: successfully reloaded assembly
- Completed reload, in  0.890 seconds
Domain Reload Profiling:
	ReloadAssembly (891ms)
		BeginReloadAssembly (120ms)
			ExecutionOrderSort (0ms)
			DisableScriptedObjects (4ms)
			BackupInstance (0ms)
			ReleaseScriptingObjects (0ms)
			CreateAndSetChildDomain (31ms)
		EndReloadAssembly (681ms)
			LoadAssemblies (69ms)
			RebuildTransferFunctionScriptingTraits (0ms)
			SetupTypeCache (265ms)
			ReleaseScriptCaches (1ms)
			RebuildScriptCaches (40ms)
			SetupLoadedEditorAssemblies (270ms)
				LogAssemblyErrors (0ms)
				InitializePlatformSupportModulesInManaged (13ms)
				SetLoadedEditorAssemblies (0ms)
				RefreshPlugins (0ms)
				BeforeProcessingInitializeOnLoad (55ms)
				ProcessInitializeOnLoadAttributes (177ms)
				ProcessInitializeOnLoadMethodAttributes (18ms)
				AfterProcessingInitializeOnLoad (6ms)
				EditorAssembliesLoaded (0ms)
			ExecutionOrderSort2 (0ms)
			AwakeInstancesAfterBackupRestoration (6ms)
Platform modules already initialized, skipping
Refreshing native plugins compatible for Editor in 1.26 ms, found 3 plugins.
Preloading 0 native plugins for Editor in 0.00 ms.
Unloading 3044 Unused Serialized files (Serialized files now loaded: 0)
Unloading 17 unused Assets / (79.9 KB). Loaded Objects now: 3556.
Memory consumption went from 112.1 MB to 112.0 MB.
Total: 2.506200 ms (FindLiveObjects: 0.204400 ms CreateObjectMapping: 0.116900 ms MarkObjects: 2.107300 ms  DeleteObjects: 0.076900 ms)

AssetImportParameters requested are different than current active one (requested -> active):
  custom:video-decoder-ogg-theora: a1e56fd34408186e4bbccfd4996cb3dc -> 
  custom:container-muxer-webm: aa71ff27fc2769a1b78a27578f13a17b -> 
  custom:container-demuxer-webm: 4f35f7cbe854078d1ac9338744f61a02 -> 
  custom:video-encoder-webm-vp8: eb34c28f22e8b96e1ab97ce403110664 -> 
  custom:audio-encoder-webm-vorbis: bf7c407c2cedff20999df2af8eb42d56 -> 
  custom:framework-win-MediaFoundation: 216162199b28c13a410421893ffa2e32 -> 
  custom:container-demuxer-ogg: 62fdf1f143b41e24485cea50d1cbac27 -> 
  custom:video-decoder-webm-vp8: 9c59270c3fd7afecdb556c50c9e8de78 -> 
  custom:audio-decoder-ogg-vorbis: bf7c407c2cedff20999df2af8eb42d56 -> 
========================================================================
Received Prepare
Registering precompiled user dll's ...
Registered in 0.006287 seconds.
Begin MonoManager ReloadAssembly
Symbol file LoadedFromMemory doesn't match image C:\Users\adaya\PP2 - FPS\Library\PackageCache\com.unity.visualscripting@1.8.0\Editor\VisualScripting.Core\Dependencies\YamlDotNet\Unity.VisualScripting.YamlDotNet.dll
Symbol file LoadedFromMemory doesn't match image C:\Users\adaya\PP2 - FPS\Library\PackageCache\com.unity.visualscripting@1.8.0\Editor\VisualScripting.Core\Dependencies\DotNetZip\Unity.VisualScripting.IonicZip.dll
Native extension for WindowsStandalone target not found
Refreshing native plugins compatible for Editor in 0.45 ms, found 3 plugins.
Preloading 0 native plugins for Editor in 0.00 ms.
Mono: successfully reloaded assembly
- Completed reload, in  0.903 seconds
Domain Reload Profiling:
	ReloadAssembly (904ms)
		BeginReloadAssembly (115ms)
			ExecutionOrderSort (0ms)
			DisableScriptedObjects (6ms)
			BackupInstance (0ms)
			ReleaseScriptingObjects (0ms)
			CreateAndSetChildDomain (29ms)
		EndReloadAssembly (689ms)
			LoadAssemblies (67ms)
			RebuildTransferFunctionScriptingTraits (0ms)
			SetupTypeCache (236ms)
			ReleaseScriptCaches (1ms)
			RebuildScriptCaches (40ms)
			SetupLoadedEditorAssemblies (304ms)
				LogAssemblyErrors (0ms)
				InitializePlatformSupportModulesInManaged (12ms)
				SetLoadedEditorAssemblies (0ms)
				RefreshPlugins (0ms)
				BeforeProcessingInitializeOnLoad (63ms)
				ProcessInitializeOnLoadAttributes (203ms)
				ProcessInitializeOnLoadMethodAttributes (20ms)
				AfterProcessingInitializeOnLoad (5ms)
				EditorAssembliesLoaded (0ms)
			ExecutionOrderSort2 (0ms)
			AwakeInstancesAfterBackupRestoration (6ms)
Platform modules already initialized, skipping
Refreshing native plugins compatible for Editor in 1.48 ms, found 3 plugins.
Preloading 0 native plugins for Editor in 0.00 ms.
Unloading 3044 Unused Serialized files (Serialized files now loaded: 0)
Unloading 17 unused Assets / (79.8 KB). Loaded Objects now: 3559.
Memory consumption went from 112.1 MB to 112.0 MB.
Total: 2.442400 ms (FindLiveObjects: 0.261000 ms CreateObjectMapping: 0.127400 ms MarkObjects: 1.967300 ms  DeleteObjects: 0.085500 ms)

AssetImportParameters requested are different than current active one (requested -> active):
  custom:video-decoder-ogg-theora: a1e56fd34408186e4bbccfd4996cb3dc -> 
  custom:container-muxer-webm: aa71ff27fc2769a1b78a27578f13a17b -> 
  custom:container-demuxer-webm: 4f35f7cbe854078d1ac9338744f61a02 -> 
  custom:video-encoder-webm-vp8: eb34c28f22e8b96e1ab97ce403110664 -> 
  custom:audio-encoder-webm-vorbis: bf7c407c2cedff20999df2af8eb42d56 -> 
  custom:framework-win-MediaFoundation: 216162199b28c13a410421893ffa2e32 -> 
  custom:container-demuxer-ogg: 62fdf1f143b41e24485cea50d1cbac27 -> 
  custom:video-decoder-webm-vp8: 9c59270c3fd7afecdb556c50c9e8de78 -> 
  custom:audio-decoder-ogg-vorbis: bf7c407c2cedff20999df2af8eb42d56 -> 
========================================================================
Received Prepare
Registering precompiled user dll's ...
Registered in 0.005697 seconds.
Begin MonoManager ReloadAssembly
Symbol file LoadedFromMemory doesn't match image C:\Users\adaya\PP2 - FPS\Library\PackageCache\com.unity.visualscripting@1.8.0\Editor\VisualScripting.Core\Dependencies\YamlDotNet\Unity.VisualScripting.YamlDotNet.dll
Symbol file LoadedFromMemory doesn't match image C:\Users\adaya\PP2 - FPS\Library\PackageCache\com.unity.visualscripting@1.8.0\Editor\VisualScripting.Core\Dependencies\DotNetZip\Unity.VisualScripting.IonicZip.dll
Native extension for WindowsStandalone target not found
Refreshing native plugins compatible for Editor in 0.48 ms, found 3 plugins.
Preloading 0 native plugins for Editor in 0.00 ms.
Mono: successfully reloaded assembly
- Completed reload, in  0.907 seconds
Domain Reload Profiling:
	ReloadAssembly (908ms)
		BeginReloadAssembly (112ms)
			ExecutionOrderSort (0ms)
			DisableScriptedObjects (5ms)
			BackupInstance (0ms)
			ReleaseScriptingObjects (0ms)
			CreateAndSetChildDomain (29ms)
		EndReloadAssembly (704ms)
			LoadAssemblies (66ms)
			RebuildTransferFunctionScriptingTraits (0ms)
			SetupTypeCache (237ms)
			ReleaseScriptCaches (1ms)
			RebuildScriptCaches (41ms)
			SetupLoadedEditorAssemblies (309ms)
				LogAssemblyErrors (0ms)
				InitializePlatformSupportModulesInManaged (12ms)
				SetLoadedEditorAssemblies (1ms)
				RefreshPlugins (1ms)
				BeforeProcessingInitializeOnLoad (63ms)
				ProcessInitializeOnLoadAttributes (207ms)
				ProcessInitializeOnLoadMethodAttributes (20ms)
				AfterProcessingInitializeOnLoad (6ms)
				EditorAssembliesLoaded (0ms)
			ExecutionOrderSort2 (0ms)
			AwakeInstancesAfterBackupRestoration (6ms)
Platform modules already initialized, skipping
Refreshing native plugins compatible for Editor in 1.65 ms, found 3 plugins.
Preloading 0 native plugins for Editor in 0.00 ms.
Unloading 3044 Unused Serialized files (Serialized files now loaded: 0)
Unloading 17 unused Assets / (79.8 KB). Loaded Objects now: 3562.
Memory consumption went from 112.1 MB to 112.0 MB.
Total: 2.565800 ms (FindLiveObjects: 0.234800 ms CreateObjectMapping: 0.167100 ms MarkObjects: 2.085400 ms  DeleteObjects: 0.077200 ms)

AssetImportParameters requested are different than current active one (requested -> active):
  custom:video-decoder-ogg-theora: a1e56fd34408186e4bbccfd4996cb3dc -> 
  custom:container-muxer-webm: aa71ff27fc2769a1b78a27578f13a17b -> 
  custom:container-demuxer-webm: 4f35f7cbe854078d1ac9338744f61a02 -> 
  custom:video-encoder-webm-vp8: eb34c28f22e8b96e1ab97ce403110664 -> 
  custom:audio-encoder-webm-vorbis: bf7c407c2cedff20999df2af8eb42d56 -> 
  custom:framework-win-MediaFoundation: 216162199b28c13a410421893ffa2e32 -> 
  custom:container-demuxer-ogg: 62fdf1f143b41e24485cea50d1cbac27 -> 
  custom:video-decoder-webm-vp8: 9c59270c3fd7afecdb556c50c9e8de78 -> 
  custom:audio-decoder-ogg-vorbis: bf7c407c2cedff20999df2af8eb42d56 -> 
========================================================================
Received Import Request.
  Time since last request: 507.699859 seconds.
  path: Assets/PreFabs/Level Stuff/Cube.prefab
  artifactKey: Guid(25d976871cc99724da568cc77d8a5157) Importer(815301076,1909f56bfc062723c751e8b465ee728b)
Start importing Assets/PreFabs/Level Stuff/Cube.prefab using Guid(25d976871cc99724da568cc77d8a5157) Importer(815301076,1909f56bfc062723c751e8b465ee728b)  -> (artifact id: '76d89e7c785d3a09a82b2817f652c407') in 0.075712 seconds 
========================================================================
Received Import Request.
  Time since last request: 351.622699 seconds.
  path: Assets/PreFabs/Level Stuff/Cube.prefab
  artifactKey: Guid(25d976871cc99724da568cc77d8a5157) Importer(815301076,1909f56bfc062723c751e8b465ee728b)
Start importing Assets/PreFabs/Level Stuff/Cube.prefab using Guid(25d976871cc99724da568cc77d8a5157) Importer(815301076,1909f56bfc062723c751e8b465ee728b)  -> (artifact id: '1f49747cd61ba330b81c135155810313') in 0.013713 seconds 
